# JRE version: 7.0_09-b05
# Java VM: Java HotSpot(TM) 64-Bit Server VM (23.5-b02 mixed mode windows-amd64 compressed oops)
Heap
 PSYoungGen      total 126016K, used 42127K [0x00000000eaab0000, 0x00000000f77c0000, 0x0000000100000000)
  eden space 123904K, 32% used [0x00000000eaab0000,0x00000000ed1c96e0,0x00000000f23b0000)
  from space 2112K, 98% used [0x00000000f75b0000,0x00000000f77ba8b8,0x00000000f77c0000)
  to   space 11968K, 0% used [0x00000000f6060000,0x00000000f6060000,0x00000000f6c10000)
 ParOldGen       total 128128K, used 24352K [0x00000000c0000000, 0x00000000c7d20000, 0x00000000eaab0000)
  object space 128128K, 19% used [0x00000000c0000000,0x00000000c17c8108,0x00000000c7d20000)
 PSPermGen       total 27200K, used 27182K [0x00000000bae00000, 0x00000000bc890000, 0x00000000c0000000)
  object space 27200K, 99% used [0x00000000bae00000,0x00000000bc88ba80,0x00000000bc890000)
GC Heap History (10 events):
Event: 27.199 GC heap before
{Heap before GC invocations=24 (full 0):
 PSYoungGen      total 154624K, used 149696K [0x00000000eaab0000, 0x00000000f80b0000, 0x0000000100000000)
  eden space 149568K, 100% used [0x00000000eaab0000,0x00000000f3cc0000,0x00000000f3cc0000)
  from space 5056K, 2% used [0x00000000f3cc0000,0x00000000f3ce0000,0x00000000f41b0000)
  to   space 4864K, 0% used [0x00000000f7bf0000,0x00000000f7bf0000,0x00000000f80b0000)
 ParOldGen       total 128128K, used 7422K [0x00000000c0000000, 0x00000000c7d20000, 0x00000000eaab0000)
  object space 128128K, 5% used [0x00000000c0000000,0x00000000c073fad8,0x00000000c7d20000)
 PSPermGen       total 21248K, used 14254K [0x00000000bae00000, 0x00000000bc2c0000, 0x00000000c0000000)
  object space 21248K, 67% used [0x00000000bae00000,0x00000000bbbeb990,0x00000000bc2c0000)
Event: 27.202 GC heap after
Heap after GC invocations=24 (full 0):
 PSYoungGen      total 144192K, used 224K [0x00000000eaab0000, 0x00000000f7c30000, 0x0000000100000000)
  eden space 143936K, 0% used [0x00000000eaab0000,0x00000000eaab0000,0x00000000f3740000)
  from space 256K, 87% used [0x00000000f7bf0000,0x00000000f7c28000,0x00000000f7c30000)
  to   space 4672K, 0% used [0x00000000f7310000,0x00000000f7310000,0x00000000f77a0000)
 ParOldGen       total 128128K, used 7430K [0x00000000c0000000, 0x00000000c7d20000, 0x00000000eaab0000)
  object space 128128K, 5% used [0x00000000c0000000,0x00000000c0741ad8,0x00000000c7d20000)
 PSPermGen       total 21248K, used 14254K [0x00000000bae00000, 0x00000000bc2c0000, 0x00000000c0000000)
  object space 21248K, 67% used [0x00000000bae00000,0x00000000bbbeb990,0x00000000bc2c0000)
}
Event: 27.754 GC heap before
{Heap before GC invocations=25 (full 0):
 PSYoungGen      total 144192K, used 144160K [0x00000000eaab0000, 0x00000000f7c30000, 0x0000000100000000)
  eden space 143936K, 100% used [0x00000000eaab0000,0x00000000f3740000,0x00000000f3740000)
  from space 256K, 87% used [0x00000000f7bf0000,0x00000000f7c28000,0x00000000f7c30000)
  to   space 4672K, 0% used [0x00000000f7310000,0x00000000f7310000,0x00000000f77a0000)
 ParOldGen       total 128128K, used 7430K [0x00000000c0000000, 0x00000000c7d20000, 0x00000000eaab0000)
  object space 128128K, 5% used [0x00000000c0000000,0x00000000c0741ad8,0x00000000c7d20000)
 PSPermGen       total 21248K, used 14254K [0x00000000bae00000, 0x00000000bc2c0000, 0x00000000c0000000)
  object space 21248K, 67% used [0x00000000bae00000,0x00000000bbbeb990,0x00000000bc2c0000)
Event: 27.756 GC heap after
Heap after GC invocations=25 (full 0):
 PSYoungGen      total 143232K, used 352K [0x00000000eaab0000, 0x00000000f7c00000, 0x0000000100000000)
  eden space 138560K, 0% used [0x00000000eaab0000,0x00000000eaab0000,0x00000000f3200000)
  from space 4672K, 7% used [0x00000000f7310000,0x00000000f7368000,0x00000000f77a0000)
  to   space 4416K, 0% used [0x00000000f77b0000,0x00000000f77b0000,0x00000000f7c00000)
 ParOldGen       total 128128K, used 7446K [0x00000000c0000000, 0x00000000c7d20000, 0x00000000eaab0000)
  object space 128128K, 5% used [0x00000000c0000000,0x00000000c0745ad8,0x00000000c7d20000)
 PSPermGen       total 21248K, used 14254K [0x00000000bae00000, 0x00000000bc2c0000, 0x00000000c0000000)
  object space 21248K, 67% used [0x00000000bae00000,0x00000000bbbeb990,0x00000000bc2c0000)
}
Event: 50.757 GC heap before
{Heap before GC invocations=26 (full 0):
 PSYoungGen      total 143232K, used 138912K [0x00000000eaab0000, 0x00000000f7c00000, 0x0000000100000000)
  eden space 138560K, 100% used [0x00000000eaab0000,0x00000000f3200000,0x00000000f3200000)
  from space 4672K, 7% used [0x00000000f7310000,0x00000000f7368000,0x00000000f77a0000)
  to   space 4416K, 0% used [0x00000000f77b0000,0x00000000f77b0000,0x00000000f7c00000)
 ParOldGen       total 128128K, used 7446K [0x00000000c0000000, 0x00000000c7d20000, 0x00000000eaab0000)
  object space 128128K, 5% used [0x00000000c0000000,0x00000000c0745ad8,0x00000000c7d20000)
 PSPermGen       total 21248K, used 15921K [0x00000000bae00000, 0x00000000bc2c0000, 0x00000000c0000000)
  object space 21248K, 74% used [0x00000000bae00000,0x00000000bbd8c7f8,0x00000000bc2c0000)
Event: 50.764 GC heap after
Heap after GC invocations=26 (full 0):
 PSYoungGen      total 137856K, used 4416K [0x00000000eaab0000, 0x00000000f7c00000, 0x0000000100000000)
  eden space 133440K, 0% used [0x00000000eaab0000,0x00000000eaab0000,0x00000000f2d00000)
  from space 4416K, 100% used [0x00000000f77b0000,0x00000000f7c00000,0x00000000f7c00000)
  to   space 6464K, 0% used [0x00000000f6f60000,0x00000000f6f60000,0x00000000f75b0000)
 ParOldGen       total 128128K, used 10397K [0x00000000c0000000, 0x00000000c7d20000, 0x00000000eaab0000)
  object space 128128K, 8% used [0x00000000c0000000,0x00000000c0a274e8,0x00000000c7d20000)
 PSPermGen       total 21248K, used 15921K [0x00000000bae00000, 0x00000000bc2c0000, 0x00000000c0000000)
  object space 21248K, 74% used [0x00000000bae00000,0x00000000bbd8c7f8,0x00000000bc2c0000)
}
Event: 9617.724 GC heap before
{Heap before GC invocations=27 (full 0):
 PSYoungGen      total 137856K, used 137856K [0x00000000eaab0000, 0x00000000f7c00000, 0x0000000100000000)
  eden space 133440K, 100% used [0x00000000eaab0000,0x00000000f2d00000,0x00000000f2d00000)
  from space 4416K, 100% used [0x00000000f77b0000,0x00000000f7c00000,0x00000000f7c00000)
  to   space 6464K, 0% used [0x00000000f6f60000,0x00000000f6f60000,0x00000000f75b0000)
 ParOldGen       total 128128K, used 10397K [0x00000000c0000000, 0x00000000c7d20000, 0x00000000eaab0000)
  object space 128128K, 8% used [0x00000000c0000000,0x00000000c0a274e8,0x00000000c7d20000)
 PSPermGen       total 22784K, used 22619K [0x00000000bae00000, 0x00000000bc440000, 0x00000000c0000000)
  object space 22784K, 99% used [0x00000000bae00000,0x00000000bc416e58,0x00000000bc440000)
Event: 9617.748 GC heap after
Heap after GC invocations=27 (full 0):
 PSYoungGen      total 135040K, used 6444K [0x00000000eaab0000, 0x00000000f77c0000, 0x0000000100000000)
  eden space 128576K, 0% used [0x00000000eaab0000,0x00000000eaab0000,0x00000000f2840000)
  from space 6464K, 99% used [0x00000000f6f60000,0x00000000f75ab380,0x00000000f75b0000)
  to   space 2112K, 0% used [0x00000000f75b0000,0x00000000f75b0000,0x00000000f77c0000)
 ParOldGen       total 128128K, used 15992K [0x00000000c0000000, 0x00000000c7d20000, 0x00000000eaab0000)
  object space 128128K, 12% used [0x00000000c0000000,0x00000000c0f9e100,0x00000000c7d20000)
 PSPermGen       total 22784K, used 22619K [0x00000000bae00000, 0x00000000bc440000, 0x00000000c0000000)
  object space 22784K, 99% used [0x00000000bae00000,0x00000000bc416e58,0x00000000bc440000)
}
Event: 15677.213 GC heap before
{Heap before GC invocations=28 (full 0):
 PSYoungGen      total 135040K, used 135020K [0x00000000eaab0000, 0x00000000f77c0000, 0x0000000100000000)
  eden space 128576K, 100% used [0x00000000eaab0000,0x00000000f2840000,0x00000000f2840000)
  from space 6464K, 99% used [0x00000000f6f60000,0x00000000f75ab380,0x00000000f75b0000)
  to   space 2112K, 0% used [0x00000000f75b0000,0x00000000f75b0000,0x00000000f77c0000)
 ParOldGen       total 128128K, used 15992K [0x00000000c0000000, 0x00000000c7d20000, 0x00000000eaab0000)
  object space 128128K, 12% used [0x00000000c0000000,0x00000000c0f9e100,0x00000000c7d20000)
 PSPermGen       total 27200K, used 27089K [0x00000000bae00000, 0x00000000bc890000, 0x00000000c0000000)
  object space 27200K, 99% used [0x00000000bae00000,0x00000000bc874590,0x00000000bc890000)
Event: 15677.225 GC heap after
Heap after GC invocations=28 (full 0):
 PSYoungGen      total 126016K, used 2090K [0x00000000eaab0000, 0x00000000f77c0000, 0x0000000100000000)
  eden space 123904K, 0% used [0x00000000eaab0000,0x00000000eaab0000,0x00000000f23b0000)
  from space 2112K, 98% used [0x00000000f75b0000,0x00000000f77ba8b8,0x00000000f77c0000)
  to   space 11968K, 0% used [0x00000000f6060000,0x00000000f6060000,0x00000000f6c10000)
 ParOldGen       total 128128K, used 24352K [0x00000000c0000000, 0x00000000c7d20000, 0x00000000eaab0000)
  object space 128128K, 19% used [0x00000000c0000000,0x00000000c17c8108,0x00000000c7d20000)
 PSPermGen       total 27200K, used 27089K [0x00000000bae00000, 0x00000000bc890000, 0x00000000c0000000)
  object space 27200K, 99% used [0x00000000bae00000,0x00000000bc874590,0x00000000bc890000)
}

